C:\USERS\HIGGINSNC1\DOCUMENTS\IMPORTANT THINGS\PRODUCTIVE\GAMES2PROJECT2\SOUTHFALL2\DEBUG\AUDIO.OBJ
C:\USERS\HIGGINSNC1\DOCUMENTS\IMPORTANT THINGS\PRODUCTIVE\GAMES2PROJECT2\SOUTHFALL2\DEBUG\BOX.OBJ
C:\USERS\HIGGINSNC1\DOCUMENTS\IMPORTANT THINGS\PRODUCTIVE\GAMES2PROJECT2\SOUTHFALL2\DEBUG\CAMERA.OBJ
C:\Users\HIGGINSNC1\Documents\Important things\Productive\Games2Project2\Southfall2\Debug\cl.command.1.tlog
C:\Users\HIGGINSNC1\Documents\Important things\Productive\Games2Project2\Southfall2\Debug\CL.read.1.tlog
C:\Users\HIGGINSNC1\Documents\Important things\Productive\Games2Project2\Southfall2\Debug\CL.write.1.tlog
C:\USERS\HIGGINSNC1\DOCUMENTS\IMPORTANT THINGS\PRODUCTIVE\GAMES2PROJECT2\SOUTHFALL2\DEBUG\D3DAPP.OBJ
C:\USERS\HIGGINSNC1\DOCUMENTS\IMPORTANT THINGS\PRODUCTIVE\GAMES2PROJECT2\SOUTHFALL2\DEBUG\GAMETIMER.OBJ
C:\USERS\HIGGINSNC1\DOCUMENTS\IMPORTANT THINGS\PRODUCTIVE\GAMES2PROJECT2\SOUTHFALL2\DEBUG\GEOOBJECT.OBJ
C:\USERS\HIGGINSNC1\DOCUMENTS\IMPORTANT THINGS\PRODUCTIVE\GAMES2PROJECT2\SOUTHFALL2\DEBUG\INPUT.OBJ
C:\USERS\HIGGINSNC1\DOCUMENTS\IMPORTANT THINGS\PRODUCTIVE\GAMES2PROJECT2\SOUTHFALL2\DEBUG\LINE.OBJ
C:\Users\HIGGINSNC1\Documents\Important things\Productive\Games2Project2\Southfall2\Debug\link.4844.read.1.tlog
C:\Users\HIGGINSNC1\Documents\Important things\Productive\Games2Project2\Southfall2\Debug\link.4844.write.1.tlog
C:\Users\HIGGINSNC1\Documents\Important things\Productive\Games2Project2\Southfall2\Debug\link.4844-cvtres.read.1.tlog
C:\Users\HIGGINSNC1\Documents\Important things\Productive\Games2Project2\Southfall2\Debug\link.4844-cvtres.write.1.tlog
C:\Users\HIGGINSNC1\Documents\Important things\Productive\Games2Project2\Southfall2\Debug\link.command.1.tlog
C:\Users\HIGGINSNC1\Documents\Important things\Productive\Games2Project2\Southfall2\Debug\link.read.1.tlog
C:\Users\HIGGINSNC1\Documents\Important things\Productive\Games2Project2\Southfall2\Debug\link.write.1.tlog
C:\Users\HIGGINSNC1\Documents\Important things\Productive\Games2Project2\Southfall2\Debug\link-cvtres.read.1.tlog
C:\Users\HIGGINSNC1\Documents\Important things\Productive\Games2Project2\Southfall2\Debug\link-cvtres.write.1.tlog
C:\Users\HIGGINSNC1\Documents\Important things\Productive\Games2Project2\Southfall2\Debug\mt.command.1.tlog
C:\Users\HIGGINSNC1\Documents\Important things\Productive\Games2Project2\Southfall2\Debug\mt.read.1.tlog
C:\Users\HIGGINSNC1\Documents\Important things\Productive\Games2Project2\Southfall2\Debug\mt.write.1.tlog
C:\USERS\HIGGINSNC1\DOCUMENTS\IMPORTANT THINGS\PRODUCTIVE\GAMES2PROJECT2\SOUTHFALL2\DEBUG\ORIGIN.OBJ
C:\USERS\HIGGINSNC1\DOCUMENTS\IMPORTANT THINGS\PRODUCTIVE\GAMES2PROJECT2\SOUTHFALL2\DEBUG\PYRAMID.OBJ
C:\Users\HIGGINSNC1\Documents\Important things\Productive\Games2Project2\Southfall2\Debug\rc.command.1.tlog
C:\Users\HIGGINSNC1\Documents\Important things\Productive\Games2Project2\Southfall2\Debug\rc.read.1.tlog
C:\Users\HIGGINSNC1\Documents\Important things\Productive\Games2Project2\Southfall2\Debug\rc.write.1.tlog
C:\USERS\HIGGINSNC1\DOCUMENTS\IMPORTANT THINGS\PRODUCTIVE\GAMES2PROJECT2\SOUTHFALL2\DEBUG\SOUTHFALL.OBJ
C:\USERS\HIGGINSNC1\DOCUMENTS\IMPORTANT THINGS\PRODUCTIVE\GAMES2PROJECT2\SOUTHFALL2\DEBUG\SOUTHFALL3D.EXE
C:\USERS\HIGGINSNC1\DOCUMENTS\IMPORTANT THINGS\PRODUCTIVE\GAMES2PROJECT2\SOUTHFALL2\DEBUG\SOUTHFALL3D.EXE.EMBED.MANIFEST
C:\USERS\HIGGINSNC1\DOCUMENTS\IMPORTANT THINGS\PRODUCTIVE\GAMES2PROJECT2\SOUTHFALL2\DEBUG\SOUTHFALL3D.EXE.EMBED.MANIFEST.RES
C:\USERS\HIGGINSNC1\DOCUMENTS\IMPORTANT THINGS\PRODUCTIVE\GAMES2PROJECT2\SOUTHFALL2\DEBUG\SOUTHFALL3D.EXE.INTERMEDIATE.MANIFEST
C:\USERS\HIGGINSNC1\DOCUMENTS\IMPORTANT THINGS\PRODUCTIVE\GAMES2PROJECT2\SOUTHFALL2\DEBUG\SOUTHFALL3D.ILK
C:\USERS\HIGGINSNC1\DOCUMENTS\IMPORTANT THINGS\PRODUCTIVE\GAMES2PROJECT2\SOUTHFALL2\DEBUG\SOUTHFALL3D.PDB
C:\Users\HIGGINSNC1\Documents\Important things\Productive\Games2Project2\Southfall2\Debug\Southfall3D_manifest.rc
C:\USERS\HIGGINSNC1\DOCUMENTS\IMPORTANT THINGS\PRODUCTIVE\GAMES2PROJECT2\SOUTHFALL2\DEBUG\SQUARE.OBJ
C:\USERS\HIGGINSNC1\DOCUMENTS\IMPORTANT THINGS\PRODUCTIVE\GAMES2PROJECT2\SOUTHFALL2\DEBUG\TERRAIN.OBJ
C:\USERS\HIGGINSNC1\DOCUMENTS\IMPORTANT THINGS\PRODUCTIVE\GAMES2PROJECT2\SOUTHFALL2\DEBUG\TEXTDX.OBJ
C:\Users\HIGGINSNC1\Documents\Important things\Productive\Games2Project2\Southfall2\Debug\vc100.idb
C:\USERS\HIGGINSNC1\DOCUMENTS\IMPORTANT THINGS\PRODUCTIVE\GAMES2PROJECT2\SOUTHFALL2\DEBUG\VC100.PDB
